  [1m[36mSQL (54.0ms)[0m  [1m SELECT name
 FROM sqlite_master
 WHERE type = 'table' AND NOT name = 'sqlite_sequence'
[0m
  [1m[35mSQL (0.0ms)[0m  select sqlite_version(*)
  [1m[36mSQL (165.0ms)[0m  [1mCREATE TABLE "schema_migrations" ("version" varchar(255) NOT NULL) [0m
  [1m[35mSQL (0.0ms)[0m  PRAGMA index_list("schema_migrations")
  [1m[36mSQL (7.0ms)[0m  [1mCREATE UNIQUE INDEX "unique_schema_migrations" ON "schema_migrations" ("version")[0m
  [1m[35mSQL (0.0ms)[0m   SELECT name
 FROM sqlite_master
 WHERE type = 'table' AND NOT name = 'sqlite_sequence'
  [1m[36mSQL (1.0ms)[0m  [1m SELECT name
 FROM sqlite_master
 WHERE type = 'table' AND NOT name = 'sqlite_sequence'
[0m
  [1m[35mSQL (0.0ms)[0m   SELECT name
 FROM sqlite_master
 WHERE type = 'table' AND NOT name = 'sqlite_sequence'
  [1m[36mSQL (0.0ms)[0m  [1mSELECT "schema_migrations"."version" FROM "schema_migrations"[0m
  [1m[35mSQL (1.0ms)[0m   SELECT name
 FROM sqlite_master
 WHERE type = 'table' AND NOT name = 'sqlite_sequence'


Started GET "/stocks_as_json_data?format=json;stocks=CSCO,F,WCOM;" for 127.0.0.1 at 2011-03-03 16:53:33 -0500
  Processing by StockEngineController#stocks_as_json as JSON
  Parameters: {"stocks"=>"CSCO,F,WCOM"}
Rendered text template (0.0ms)
Completed 200 OK in 40ms (Views: 18.0ms | ActiveRecord: 0.0ms)


Started GET "/war/stockwatcher/stocks_as_json_data?format=json;stocks=CSCO" for 127.0.0.1 at 2011-03-03 16:54:47 -0500
  Processing by StockEngineController#stocks_as_json as JSON
  Parameters: {"stocks"=>"CSCO"}
Rendered text template (0.0ms)
Completed 200 OK in 1ms (Views: 0.0ms | ActiveRecord: 0.0ms)


Started GET "/war/stockwatcher/stocks_as_json_data?format=json;stocks=CSCO" for 127.0.0.1 at 2011-03-03 16:54:47 -0500
  Processing by StockEngineController#stocks_as_json as JSON
  Parameters: {"stocks"=>"CSCO"}
Rendered text template (0.0ms)
Completed 200 OK in 1ms (Views: 0.0ms | ActiveRecord: 0.0ms)


Started GET "/war/stockwatcher/stocks_as_json_data?format=json;stocks=CSCO" for 127.0.0.1 at 2011-03-03 16:54:52 -0500
  Processing by StockEngineController#stocks_as_json as JSON
  Parameters: {"stocks"=>"CSCO"}
Rendered text template (0.0ms)
Completed 200 OK in 1ms (Views: 0.0ms | ActiveRecord: 0.0ms)


Started GET "/war/stockwatcher/stocks_as_json_data?format=json;stocks=CSCO" for 127.0.0.1 at 2011-03-03 16:54:57 -0500
  Processing by StockEngineController#stocks_as_json as JSON
  Parameters: {"stocks"=>"CSCO"}
Rendered text template (0.0ms)
Completed 200 OK in 2ms (Views: 1.0ms | ActiveRecord: 0.0ms)


Started GET "/war/stockwatcher/stocks_as_json_data?format=json;stocks=CSCO" for 127.0.0.1 at 2011-03-03 16:55:02 -0500
  Processing by StockEngineController#stocks_as_json as JSON
  Parameters: {"stocks"=>"CSCO"}
Rendered text template (0.0ms)
Completed 200 OK in 2ms (Views: 1.0ms | ActiveRecord: 0.0ms)


Started GET "/war/stockwatcher/stocks_as_json_data?format=json;stocks=CSCO" for 127.0.0.1 at 2011-03-03 16:55:07 -0500
  Processing by StockEngineController#stocks_as_json as JSON
  Parameters: {"stocks"=>"CSCO"}
Rendered text template (0.0ms)
Completed 200 OK in 2ms (Views: 1.0ms | ActiveRecord: 0.0ms)


Started GET "/war/stockwatcher/stocks_as_json_data?format=json;stocks=CSCO" for 127.0.0.1 at 2011-03-03 16:55:12 -0500
  Processing by StockEngineController#stocks_as_json as JSON
  Parameters: {"stocks"=>"CSCO"}
Rendered text template (0.0ms)
Completed 200 OK in 2ms (Views: 1.0ms | ActiveRecord: 0.0ms)


Started GET "/war/stockwatcher/stocks_as_json_data?format=json;stocks=CSCO" for 127.0.0.1 at 2011-03-03 16:55:17 -0500
  Processing by StockEngineController#stocks_as_json as JSON
  Parameters: {"stocks"=>"CSCO"}
Rendered text template (0.0ms)
Completed 200 OK in 2ms (Views: 1.0ms | ActiveRecord: 0.0ms)


Started GET "/war/stockwatcher/stocks_as_json_data?format=json;stocks=CSCO" for 127.0.0.1 at 2011-03-03 16:55:22 -0500
  Processing by StockEngineController#stocks_as_json as JSON
  Parameters: {"stocks"=>"CSCO"}
Rendered text template (0.0ms)
Completed 200 OK in 2ms (Views: 1.0ms | ActiveRecord: 0.0ms)


Started GET "/war/stockwatcher/stocks_as_json_data?format=json;stocks=CSCO" for 127.0.0.1 at 2011-03-03 16:55:27 -0500
  Processing by StockEngineController#stocks_as_json as JSON
  Parameters: {"stocks"=>"CSCO"}
Rendered text template (0.0ms)
Completed 200 OK in 2ms (Views: 0.0ms | ActiveRecord: 0.0ms)


Started GET "/war/stockwatcher/stocks_as_json_data?format=json;stocks=CSCO" for 127.0.0.1 at 2011-03-03 16:55:32 -0500
  Processing by StockEngineController#stocks_as_json as JSON
  Parameters: {"stocks"=>"CSCO"}
Rendered text template (0.0ms)
Completed 200 OK in 1ms (Views: 1.0ms | ActiveRecord: 0.0ms)


Started GET "/war/stockwatcher/stocks_as_json_data?format=json;stocks=CSCO" for 127.0.0.1 at 2011-03-03 16:55:37 -0500
  Processing by StockEngineController#stocks_as_json as JSON
  Parameters: {"stocks"=>"CSCO"}
Rendered text template (0.0ms)
Completed 200 OK in 1ms (Views: 1.0ms | ActiveRecord: 0.0ms)


Started GET "/war/stockwatcher/stocks_as_json_data?format=json;stocks=CSCO" for 127.0.0.1 at 2011-03-03 16:55:42 -0500
  Processing by StockEngineController#stocks_as_json as JSON
  Parameters: {"stocks"=>"CSCO"}
Rendered text template (0.0ms)
Completed 200 OK in 1ms (Views: 0.0ms | ActiveRecord: 0.0ms)


Started GET "/war/stockwatcher/stocks_as_json_data?format=json;stocks=CSCO" for 127.0.0.1 at 2011-03-03 16:55:47 -0500
  Processing by StockEngineController#stocks_as_json as JSON
  Parameters: {"stocks"=>"CSCO"}
Rendered text template (0.0ms)
Completed 200 OK in 1ms (Views: 0.0ms | ActiveRecord: 0.0ms)


Started GET "/war/stockwatcher/stocks_as_json_data?format=json;stocks=CSCO" for 127.0.0.1 at 2011-03-03 16:55:52 -0500
  Processing by StockEngineController#stocks_as_json as JSON
  Parameters: {"stocks"=>"CSCO"}
Rendered text template (0.0ms)
Completed 200 OK in 2ms (Views: 1.0ms | ActiveRecord: 0.0ms)


Started GET "/war/stockwatcher/stocks_as_json_data?format=json;stocks=CSCO" for 127.0.0.1 at 2011-03-03 16:55:57 -0500
  Processing by StockEngineController#stocks_as_json as JSON
  Parameters: {"stocks"=>"CSCO"}
Rendered text template (0.0ms)
Completed 200 OK in 1ms (Views: 1.0ms | ActiveRecord: 0.0ms)


Started GET "/war/stockwatcher/stocks_as_json_data?format=json;stocks=CSCO" for 127.0.0.1 at 2011-03-03 16:56:02 -0500
  Processing by StockEngineController#stocks_as_json as JSON
  Parameters: {"stocks"=>"CSCO"}
Rendered text template (0.0ms)
Completed 200 OK in 1ms (Views: 0.0ms | ActiveRecord: 0.0ms)


Started GET "/war/stockwatcher/stocks_as_json_data?format=json;stocks=CSCO" for 127.0.0.1 at 2011-03-03 16:56:07 -0500
  Processing by StockEngineController#stocks_as_json as JSON
  Parameters: {"stocks"=>"CSCO"}
Rendered text template (0.0ms)
Completed 200 OK in 1ms (Views: 0.0ms | ActiveRecord: 0.0ms)


Started GET "/war/stockwatcher/stocks_as_json_data?format=json;stocks=CSCO" for 127.0.0.1 at 2011-03-03 16:56:12 -0500
  Processing by StockEngineController#stocks_as_json as JSON
  Parameters: {"stocks"=>"CSCO"}
Rendered text template (0.0ms)
Completed 200 OK in 1ms (Views: 0.0ms | ActiveRecord: 0.0ms)


Started GET "/war/stockwatcher/stocks_as_json_data?format=json;stocks=CSCO" for 127.0.0.1 at 2011-03-03 16:56:17 -0500
  Processing by StockEngineController#stocks_as_json as JSON
  Parameters: {"stocks"=>"CSCO"}
Rendered text template (0.0ms)
Completed 200 OK in 1ms (Views: 1.0ms | ActiveRecord: 0.0ms)


Started GET "/war/stockwatcher/stocks_as_json_data?format=json;stocks=CSCO" for 127.0.0.1 at 2011-03-03 16:56:22 -0500
  Processing by StockEngineController#stocks_as_json as JSON
  Parameters: {"stocks"=>"CSCO"}
Rendered text template (0.0ms)
Completed 200 OK in 1ms (Views: 1.0ms | ActiveRecord: 0.0ms)


Started GET "/war/stockwatcher/stocks_as_json_data?format=json;stocks=CSCO" for 127.0.0.1 at 2011-03-03 16:56:27 -0500
  Processing by StockEngineController#stocks_as_json as JSON
  Parameters: {"stocks"=>"CSCO"}
Rendered text template (0.0ms)
Completed 200 OK in 2ms (Views: 1.0ms | ActiveRecord: 0.0ms)


Started GET "/war/stockwatcher/stocks_as_json_data?format=json;stocks=CSCO" for 127.0.0.1 at 2011-03-03 16:56:32 -0500
  Processing by StockEngineController#stocks_as_json as JSON
  Parameters: {"stocks"=>"CSCO"}
Rendered text template (0.0ms)
Completed 200 OK in 1ms (Views: 1.0ms | ActiveRecord: 0.0ms)


Started GET "/war/stockwatcher/stocks_as_json_data?format=json;stocks=CSCO" for 127.0.0.1 at 2011-03-03 16:56:37 -0500
  Processing by StockEngineController#stocks_as_json as JSON
  Parameters: {"stocks"=>"CSCO"}
Rendered text template (0.0ms)
Completed 200 OK in 1ms (Views: 1.0ms | ActiveRecord: 0.0ms)


Started GET "/war/stockwatcher/stocks_as_json_data?format=json;stocks=CSCO" for 127.0.0.1 at 2011-03-03 16:56:42 -0500
  Processing by StockEngineController#stocks_as_json as JSON
  Parameters: {"stocks"=>"CSCO"}
Rendered text template (0.0ms)
Completed 200 OK in 2ms (Views: 1.0ms | ActiveRecord: 0.0ms)


Started GET "/war/stockwatcher/stocks_as_json_data?format=json;stocks=CSCO" for 127.0.0.1 at 2011-03-03 16:56:47 -0500
  Processing by StockEngineController#stocks_as_json as JSON
  Parameters: {"stocks"=>"CSCO"}
Rendered text template (0.0ms)
Completed 200 OK in 1ms (Views: 1.0ms | ActiveRecord: 0.0ms)


Started GET "/war/stockwatcher/stocks_as_json_data?format=json;stocks=CSCO" for 127.0.0.1 at 2011-03-03 16:56:52 -0500
  Processing by StockEngineController#stocks_as_json as JSON
  Parameters: {"stocks"=>"CSCO"}
Rendered text template (0.0ms)
Completed 200 OK in 1ms (Views: 0.0ms | ActiveRecord: 0.0ms)


Started GET "/war/stockwatcher/stocks_as_json_data?format=json;stocks=CSCO" for 127.0.0.1 at 2011-03-03 16:56:57 -0500
  Processing by StockEngineController#stocks_as_json as JSON
  Parameters: {"stocks"=>"CSCO"}
Rendered text template (0.0ms)
Completed 200 OK in 3ms (Views: 1.0ms | ActiveRecord: 0.0ms)


Started GET "/war/stockwatcher/stocks_as_json_data?format=json;stocks=CSCO" for 127.0.0.1 at 2011-03-03 16:57:02 -0500
  Processing by StockEngineController#stocks_as_json as JSON
  Parameters: {"stocks"=>"CSCO"}
Rendered text template (0.0ms)
Completed 200 OK in 1ms (Views: 1.0ms | ActiveRecord: 0.0ms)


Started GET "/war/stockwatcher/stocks_as_json_data?format=json;stocks=CSCO" for 127.0.0.1 at 2011-03-03 16:57:08 -0500
  Processing by StockEngineController#stocks_as_json as JSON
  Parameters: {"stocks"=>"CSCO"}
Rendered text template (0.0ms)
Completed 200 OK in 2ms (Views: 2.0ms | ActiveRecord: 0.0ms)


Started GET "/war/stockwatcher/stocks_as_json_data?format=json;stocks=CSCO" for 127.0.0.1 at 2011-03-03 16:57:12 -0500
  Processing by StockEngineController#stocks_as_json as JSON
  Parameters: {"stocks"=>"CSCO"}
Rendered text template (0.0ms)
Completed 200 OK in 2ms (Views: 1.0ms | ActiveRecord: 0.0ms)


Started GET "/war/stockwatcher/stocks_as_json_data?format=json;stocks=CSCO" for 127.0.0.1 at 2011-03-03 16:57:17 -0500
  Processing by StockEngineController#stocks_as_json as JSON
  Parameters: {"stocks"=>"CSCO"}
Rendered text template (0.0ms)
Completed 200 OK in 1ms (Views: 1.0ms | ActiveRecord: 0.0ms)


Started GET "/war/stockwatcher/stocks_as_json_data?format=json;stocks=CSCO" for 127.0.0.1 at 2011-03-03 16:57:22 -0500
  Processing by StockEngineController#stocks_as_json as JSON
  Parameters: {"stocks"=>"CSCO"}
Rendered text template (0.0ms)
Completed 200 OK in 1ms (Views: 0.0ms | ActiveRecord: 0.0ms)


Started GET "/war/stockwatcher/stocks_as_json_data?format=json;stocks=CSCO" for 127.0.0.1 at 2011-03-03 16:57:27 -0500
  Processing by StockEngineController#stocks_as_json as JSON
  Parameters: {"stocks"=>"CSCO"}
Rendered text template (0.0ms)
Completed 200 OK in 2ms (Views: 1.0ms | ActiveRecord: 0.0ms)


Started GET "/war/stockwatcher/stocks_as_json_data?format=json;stocks=CSCO" for 127.0.0.1 at 2011-03-03 16:57:32 -0500
  Processing by StockEngineController#stocks_as_json as JSON
  Parameters: {"stocks"=>"CSCO"}
Rendered text template (0.0ms)
Completed 200 OK in 2ms (Views: 1.0ms | ActiveRecord: 0.0ms)


Started GET "/war/stockwatcher/stocks_as_json_data?format=json;stocks=CSCO" for 127.0.0.1 at 2011-03-03 16:57:37 -0500
  Processing by StockEngineController#stocks_as_json as JSON
  Parameters: {"stocks"=>"CSCO"}
Rendered text template (0.0ms)
Completed 200 OK in 1ms (Views: 0.0ms | ActiveRecord: 0.0ms)


Started GET "/war/stockwatcher/stocks_as_json_data?format=json;stocks=CSCO" for 127.0.0.1 at 2011-03-03 16:57:42 -0500
  Processing by StockEngineController#stocks_as_json as JSON
  Parameters: {"stocks"=>"CSCO"}
Rendered text template (0.0ms)
Completed 200 OK in 2ms (Views: 1.0ms | ActiveRecord: 0.0ms)


Started GET "/war/stockwatcher/stocks_as_json_data?format=json;stocks=CSCO" for 127.0.0.1 at 2011-03-03 16:57:47 -0500
  Processing by StockEngineController#stocks_as_json as JSON
  Parameters: {"stocks"=>"CSCO"}
Rendered text template (0.0ms)
Completed 200 OK in 1ms (Views: 1.0ms | ActiveRecord: 0.0ms)


Started GET "/war/stockwatcher/stocks_as_json_data?format=json;stocks=CSCO" for 127.0.0.1 at 2011-03-03 16:57:52 -0500
  Processing by StockEngineController#stocks_as_json as JSON
  Parameters: {"stocks"=>"CSCO"}
Rendered text template (0.0ms)
Completed 200 OK in 1ms (Views: 1.0ms | ActiveRecord: 0.0ms)


Started GET "/war/stockwatcher/stocks_as_json_data?format=json;stocks=CSCO" for 127.0.0.1 at 2011-03-03 16:57:57 -0500
  Processing by StockEngineController#stocks_as_json as JSON
  Parameters: {"stocks"=>"CSCO"}
Rendered text template (0.0ms)
Completed 200 OK in 2ms (Views: 1.0ms | ActiveRecord: 0.0ms)


Started GET "/war/stockwatcher/stocks_as_json_data?format=json;stocks=CSCO" for 127.0.0.1 at 2011-03-03 16:58:02 -0500
  Processing by StockEngineController#stocks_as_json as JSON
  Parameters: {"stocks"=>"CSCO"}
Rendered text template (0.0ms)
Completed 200 OK in 1ms (Views: 1.0ms | ActiveRecord: 0.0ms)


Started GET "/war/stockwatcher/stocks_as_json_data?format=json;stocks=CSCO" for 127.0.0.1 at 2011-03-03 16:58:07 -0500
  Processing by StockEngineController#stocks_as_json as JSON
  Parameters: {"stocks"=>"CSCO"}
Rendered text template (0.0ms)
Completed 200 OK in 1ms (Views: 1.0ms | ActiveRecord: 0.0ms)


Started GET "/war/stockwatcher/stocks_as_json_data?format=json;stocks=CSCO" for 127.0.0.1 at 2011-03-03 16:58:12 -0500
  Processing by StockEngineController#stocks_as_json as JSON
  Parameters: {"stocks"=>"CSCO"}
Rendered text template (0.0ms)
Completed 200 OK in 1ms (Views: 0.0ms | ActiveRecord: 0.0ms)


Started GET "/war/stockwatcher/stocks_as_json_data?format=json;stocks=CSCO" for 127.0.0.1 at 2011-03-03 16:58:17 -0500
  Processing by StockEngineController#stocks_as_json as JSON
  Parameters: {"stocks"=>"CSCO"}
Rendered text template (0.0ms)
Completed 200 OK in 1ms (Views: 1.0ms | ActiveRecord: 0.0ms)


Started GET "/war/stockwatcher/stocks_as_json_data?format=json;stocks=CSCO" for 127.0.0.1 at 2011-03-03 16:58:22 -0500
  Processing by StockEngineController#stocks_as_json as JSON
  Parameters: {"stocks"=>"CSCO"}
Rendered text template (0.0ms)
Completed 200 OK in 1ms (Views: 1.0ms | ActiveRecord: 0.0ms)


Started GET "/war/stockwatcher/stocks_as_json_data?format=json;stocks=CSCO" for 127.0.0.1 at 2011-03-03 16:58:27 -0500
  Processing by StockEngineController#stocks_as_json as JSON
  Parameters: {"stocks"=>"CSCO"}
Rendered text template (0.0ms)
Completed 200 OK in 1ms (Views: 1.0ms | ActiveRecord: 0.0ms)


Started GET "/war/stockwatcher/stocks_as_json_data?format=json;stocks=CSCO" for 127.0.0.1 at 2011-03-03 16:58:32 -0500
  Processing by StockEngineController#stocks_as_json as JSON
  Parameters: {"stocks"=>"CSCO"}
Rendered text template (0.0ms)
Completed 200 OK in 1ms (Views: 1.0ms | ActiveRecord: 0.0ms)


Started GET "/war/stockwatcher/stocks_as_json_data?format=json;stocks=CSCO" for 127.0.0.1 at 2011-03-03 16:58:37 -0500
  Processing by StockEngineController#stocks_as_json as JSON
  Parameters: {"stocks"=>"CSCO"}
Rendered text template (0.0ms)
Completed 200 OK in 1ms (Views: 0.0ms | ActiveRecord: 0.0ms)


Started GET "/war/stockwatcher/stocks_as_json_data?format=json;stocks=CSCO" for 127.0.0.1 at 2011-03-03 16:58:42 -0500
  Processing by StockEngineController#stocks_as_json as JSON
  Parameters: {"stocks"=>"CSCO"}
Rendered text template (0.0ms)
Completed 200 OK in 1ms (Views: 1.0ms | ActiveRecord: 0.0ms)


Started GET "/war/stockwatcher/stocks_as_json_data?format=json;stocks=CSCO" for 127.0.0.1 at 2011-03-03 16:58:47 -0500
  Processing by StockEngineController#stocks_as_json as JSON
  Parameters: {"stocks"=>"CSCO"}
Rendered text template (0.0ms)
Completed 200 OK in 1ms (Views: 1.0ms | ActiveRecord: 0.0ms)


Started GET "/war/stockwatcher/stocks_as_json_data?format=json;stocks=CSCO" for 127.0.0.1 at 2011-03-03 16:58:52 -0500
  Processing by StockEngineController#stocks_as_json as JSON
  Parameters: {"stocks"=>"CSCO"}
Rendered text template (0.0ms)
Completed 200 OK in 1ms (Views: 0.0ms | ActiveRecord: 0.0ms)


Started GET "/war/stockwatcher/stocks_as_json_data?format=json;stocks=CSCO" for 127.0.0.1 at 2011-03-03 16:58:57 -0500
  Processing by StockEngineController#stocks_as_json as JSON
  Parameters: {"stocks"=>"CSCO"}
Rendered text template (0.0ms)
Completed 200 OK in 1ms (Views: 1.0ms | ActiveRecord: 0.0ms)


Started GET "/war/stockwatcher/stocks_as_json_data?format=json;stocks=CSCO" for 127.0.0.1 at 2011-03-03 16:59:02 -0500
  Processing by StockEngineController#stocks_as_json as JSON
  Parameters: {"stocks"=>"CSCO"}
Rendered text template (0.0ms)
Completed 200 OK in 1ms (Views: 1.0ms | ActiveRecord: 0.0ms)


Started GET "/war/stockwatcher/stocks_as_json_data?format=json;stocks=CSCO" for 127.0.0.1 at 2011-03-03 16:59:07 -0500
  Processing by StockEngineController#stocks_as_json as JSON
  Parameters: {"stocks"=>"CSCO"}
Rendered text template (0.0ms)
Completed 200 OK in 2ms (Views: 1.0ms | ActiveRecord: 0.0ms)


Started GET "/war/stockwatcher/stocks_as_json_data?format=json;stocks=CSCO" for 127.0.0.1 at 2011-03-03 16:59:12 -0500
  Processing by StockEngineController#stocks_as_json as JSON
  Parameters: {"stocks"=>"CSCO"}
Rendered text template (0.0ms)
Completed 200 OK in 1ms (Views: 1.0ms | ActiveRecord: 0.0ms)


Started GET "/war/stockwatcher/stocks_as_json_data?format=json;stocks=CSCO" for 127.0.0.1 at 2011-03-03 16:59:17 -0500
  Processing by StockEngineController#stocks_as_json as JSON
  Parameters: {"stocks"=>"CSCO"}
Rendered text template (0.0ms)
Completed 200 OK in 1ms (Views: 1.0ms | ActiveRecord: 0.0ms)


Started GET "/war/stockwatcher/stocks_as_json_data?format=json;stocks=CSCO" for 127.0.0.1 at 2011-03-03 16:59:22 -0500
  Processing by StockEngineController#stocks_as_json as JSON
  Parameters: {"stocks"=>"CSCO"}
Rendered text template (0.0ms)
Completed 200 OK in 1ms (Views: 0.0ms | ActiveRecord: 0.0ms)


Started GET "/war/stockwatcher/stocks_as_json_data?format=json;stocks=CSCO" for 127.0.0.1 at 2011-03-03 16:59:27 -0500
  Processing by StockEngineController#stocks_as_json as JSON
  Parameters: {"stocks"=>"CSCO"}
Rendered text template (0.0ms)
Completed 200 OK in 1ms (Views: 1.0ms | ActiveRecord: 0.0ms)


Started GET "/war/stockwatcher/stocks_as_json_data?format=json;stocks=CSCO" for 127.0.0.1 at 2011-03-03 16:59:32 -0500
  Processing by StockEngineController#stocks_as_json as JSON
  Parameters: {"stocks"=>"CSCO"}
Rendered text template (0.0ms)
Completed 200 OK in 2ms (Views: 1.0ms | ActiveRecord: 0.0ms)


Started GET "/war/stockwatcher/stocks_as_json_data?format=json;stocks=CSCO" for 127.0.0.1 at 2011-03-03 16:59:37 -0500
  Processing by StockEngineController#stocks_as_json as JSON
  Parameters: {"stocks"=>"CSCO"}
Rendered text template (0.0ms)
Completed 200 OK in 1ms (Views: 1.0ms | ActiveRecord: 0.0ms)


Started GET "/war/stockwatcher/stocks_as_json_data?format=json;stocks=CSCO" for 127.0.0.1 at 2011-03-03 16:59:42 -0500
  Processing by StockEngineController#stocks_as_json as JSON
  Parameters: {"stocks"=>"CSCO"}
Rendered text template (0.0ms)
Completed 200 OK in 2ms (Views: 1.0ms | ActiveRecord: 0.0ms)


Started GET "/war/stockwatcher/stocks_as_json_data?format=json;stocks=CSCO" for 127.0.0.1 at 2011-03-03 16:59:47 -0500
  Processing by StockEngineController#stocks_as_json as JSON
  Parameters: {"stocks"=>"CSCO"}
Rendered text template (0.0ms)
Completed 200 OK in 3ms (Views: 1.0ms | ActiveRecord: 0.0ms)


Started GET "/war/stockwatcher/stocks_as_json_data?format=json;stocks=CSCO" for 127.0.0.1 at 2011-03-03 16:59:52 -0500
  Processing by StockEngineController#stocks_as_json as JSON
  Parameters: {"stocks"=>"CSCO"}
Rendered text template (0.0ms)
Completed 200 OK in 2ms (Views: 1.0ms | ActiveRecord: 0.0ms)


Started GET "/war/stockwatcher/stocks_as_json_data?format=json;stocks=CSCO" for 127.0.0.1 at 2011-03-03 16:59:57 -0500
  Processing by StockEngineController#stocks_as_json as JSON
  Parameters: {"stocks"=>"CSCO"}
Rendered text template (0.0ms)
Completed 200 OK in 1ms (Views: 1.0ms | ActiveRecord: 0.0ms)


Started GET "/war/stockwatcher/stocks_as_json_data?format=json;stocks=CSCO" for 127.0.0.1 at 2011-03-03 17:00:02 -0500
  Processing by StockEngineController#stocks_as_json as JSON
  Parameters: {"stocks"=>"CSCO"}
Rendered text template (0.0ms)
Completed 200 OK in 1ms (Views: 0.0ms | ActiveRecord: 0.0ms)


Started GET "/war/stockwatcher/stocks_as_json_data?format=json;stocks=CSCO" for 127.0.0.1 at 2011-03-03 17:00:07 -0500
  Processing by StockEngineController#stocks_as_json as JSON
  Parameters: {"stocks"=>"CSCO"}
Rendered text template (0.0ms)
Completed 200 OK in 1ms (Views: 0.0ms | ActiveRecord: 0.0ms)


Started GET "/war/stockwatcher/stocks_as_json_data?format=json;stocks=CSCO" for 127.0.0.1 at 2011-03-03 17:00:12 -0500
  Processing by StockEngineController#stocks_as_json as JSON
  Parameters: {"stocks"=>"CSCO"}
Rendered text template (0.0ms)
Completed 200 OK in 2ms (Views: 1.0ms | ActiveRecord: 0.0ms)


Started GET "/war/stockwatcher/stocks_as_json_data?format=json;stocks=CSCO" for 127.0.0.1 at 2011-03-03 17:00:17 -0500
  Processing by StockEngineController#stocks_as_json as JSON
  Parameters: {"stocks"=>"CSCO"}
Rendered text template (0.0ms)
Completed 200 OK in 2ms (Views: 1.0ms | ActiveRecord: 0.0ms)


Started GET "/war/stockwatcher/stocks_as_json_data?format=json;stocks=CSCO" for 127.0.0.1 at 2011-03-03 17:00:22 -0500
  Processing by StockEngineController#stocks_as_json as JSON
  Parameters: {"stocks"=>"CSCO"}
Rendered text template (0.0ms)
Completed 200 OK in 2ms (Views: 1.0ms | ActiveRecord: 0.0ms)


Started GET "/war/stockwatcher/stocks_as_json_data?format=json;stocks=CSCO" for 127.0.0.1 at 2011-03-03 17:00:27 -0500
  Processing by StockEngineController#stocks_as_json as JSON
  Parameters: {"stocks"=>"CSCO"}
Rendered text template (0.0ms)
Completed 200 OK in 1ms (Views: 0.0ms | ActiveRecord: 0.0ms)


Started GET "/war/stockwatcher/stocks_as_json_data?format=json;stocks=CSCO" for 127.0.0.1 at 2011-03-03 17:00:32 -0500
  Processing by StockEngineController#stocks_as_json as JSON
  Parameters: {"stocks"=>"CSCO"}
Rendered text template (0.0ms)
Completed 200 OK in 3ms (Views: 1.0ms | ActiveRecord: 0.0ms)


Started GET "/war/stockwatcher/stocks_as_json_data?format=json;stocks=CSCO" for 127.0.0.1 at 2011-03-03 17:00:37 -0500
  Processing by StockEngineController#stocks_as_json as JSON
  Parameters: {"stocks"=>"CSCO"}
Rendered text template (0.0ms)
Completed 200 OK in 1ms (Views: 1.0ms | ActiveRecord: 0.0ms)


Started GET "/war/stockwatcher/stocks_as_json_data?format=json;stocks=CSCO" for 127.0.0.1 at 2011-03-03 17:00:42 -0500
  Processing by StockEngineController#stocks_as_json as JSON
  Parameters: {"stocks"=>"CSCO"}
Rendered text template (0.0ms)
Completed 200 OK in 1ms (Views: 1.0ms | ActiveRecord: 0.0ms)


Started GET "/war/stockwatcher/stocks_as_json_data?format=json;stocks=CSCO" for 127.0.0.1 at 2011-03-03 17:00:47 -0500
  Processing by StockEngineController#stocks_as_json as JSON
  Parameters: {"stocks"=>"CSCO"}
Rendered text template (0.0ms)
Completed 200 OK in 1ms (Views: 1.0ms | ActiveRecord: 0.0ms)


Started GET "/war/stockwatcher/stocks_as_json_data?format=json;stocks=CSCO" for 127.0.0.1 at 2011-03-03 17:00:52 -0500
  Processing by StockEngineController#stocks_as_json as JSON
  Parameters: {"stocks"=>"CSCO"}
Rendered text template (0.0ms)
Completed 200 OK in 2ms (Views: 1.0ms | ActiveRecord: 0.0ms)


Started GET "/war/stockwatcher/stocks_as_json_data?format=json;stocks=CSCO" for 127.0.0.1 at 2011-03-03 17:00:57 -0500
  Processing by StockEngineController#stocks_as_json as JSON
  Parameters: {"stocks"=>"CSCO"}
Rendered text template (0.0ms)
Completed 200 OK in 2ms (Views: 0.0ms | ActiveRecord: 0.0ms)


Started GET "/war/stockwatcher/stocks_as_json_data?format=json;stocks=CSCO" for 127.0.0.1 at 2011-03-03 17:01:02 -0500
  Processing by StockEngineController#stocks_as_json as JSON
  Parameters: {"stocks"=>"CSCO"}
Rendered text template (0.0ms)
Completed 200 OK in 1ms (Views: 0.0ms | ActiveRecord: 0.0ms)


Started GET "/war/stockwatcher/stocks_as_json_data?format=json;stocks=CSCO" for 127.0.0.1 at 2011-03-03 17:01:07 -0500
  Processing by StockEngineController#stocks_as_json as JSON
  Parameters: {"stocks"=>"CSCO"}
Rendered text template (0.0ms)
Completed 200 OK in 1ms (Views: 0.0ms | ActiveRecord: 0.0ms)


Started GET "/war/stockwatcher/stocks_as_json_data?format=json;stocks=CSCO" for 127.0.0.1 at 2011-03-03 17:01:12 -0500
  Processing by StockEngineController#stocks_as_json as JSON
  Parameters: {"stocks"=>"CSCO"}
Rendered text template (0.0ms)
Completed 200 OK in 2ms (Views: 1.0ms | ActiveRecord: 0.0ms)


Started GET "/war/stockwatcher/stocks_as_json_data?format=json;stocks=CSCO" for 127.0.0.1 at 2011-03-03 17:01:17 -0500
  Processing by StockEngineController#stocks_as_json as JSON
  Parameters: {"stocks"=>"CSCO"}
Rendered text template (0.0ms)
Completed 200 OK in 1ms (Views: 1.0ms | ActiveRecord: 0.0ms)


Started GET "/war/stockwatcher/stocks_as_json_data?format=json;stocks=CSCO" for 127.0.0.1 at 2011-03-03 17:01:22 -0500
  Processing by StockEngineController#stocks_as_json as JSON
  Parameters: {"stocks"=>"CSCO"}
Rendered text template (0.0ms)
Completed 200 OK in 1ms (Views: 1.0ms | ActiveRecord: 0.0ms)


Started GET "/war/stockwatcher/stocks_as_json_data?format=json;stocks=CSCO" for 127.0.0.1 at 2011-03-03 17:01:27 -0500
  Processing by StockEngineController#stocks_as_json as JSON
  Parameters: {"stocks"=>"CSCO"}
Rendered text template (0.0ms)
Completed 200 OK in 1ms (Views: 1.0ms | ActiveRecord: 0.0ms)


Started GET "/war/stockwatcher/stocks_as_json_data?format=json;stocks=CSCO" for 127.0.0.1 at 2011-03-03 17:01:32 -0500
  Processing by StockEngineController#stocks_as_json as JSON
  Parameters: {"stocks"=>"CSCO"}
Rendered text template (0.0ms)
Completed 200 OK in 1ms (Views: 1.0ms | ActiveRecord: 0.0ms)


Started GET "/war/stockwatcher/stocks_as_json_data?format=json;stocks=CSCO" for 127.0.0.1 at 2011-03-03 17:01:37 -0500
  Processing by StockEngineController#stocks_as_json as JSON
  Parameters: {"stocks"=>"CSCO"}
Rendered text template (0.0ms)
Completed 200 OK in 2ms (Views: 1.0ms | ActiveRecord: 0.0ms)


Started GET "/war/stockwatcher/stocks_as_json_data?format=json;stocks=CSCO" for 127.0.0.1 at 2011-03-03 17:01:42 -0500
  Processing by StockEngineController#stocks_as_json as JSON
  Parameters: {"stocks"=>"CSCO"}
Rendered text template (0.0ms)
Completed 200 OK in 2ms (Views: 1.0ms | ActiveRecord: 0.0ms)


Started GET "/war/stockwatcher/stocks_as_json_data?format=json;stocks=CSCO" for 127.0.0.1 at 2011-03-03 17:01:47 -0500
  Processing by StockEngineController#stocks_as_json as JSON
  Parameters: {"stocks"=>"CSCO"}
Rendered text template (0.0ms)
Completed 200 OK in 1ms (Views: 0.0ms | ActiveRecord: 0.0ms)


Started GET "/war/stockwatcher/stocks_as_json_data?format=json;stocks=CSCO" for 127.0.0.1 at 2011-03-03 17:01:52 -0500
  Processing by StockEngineController#stocks_as_json as JSON
  Parameters: {"stocks"=>"CSCO"}
Rendered text template (0.0ms)
Completed 200 OK in 2ms (Views: 1.0ms | ActiveRecord: 0.0ms)


Started GET "/war/stockwatcher/stocks_as_json_data?format=json;stocks=CSCO" for 127.0.0.1 at 2011-03-03 17:01:57 -0500
  Processing by StockEngineController#stocks_as_json as JSON
  Parameters: {"stocks"=>"CSCO"}
Rendered text template (0.0ms)
Completed 200 OK in 1ms (Views: 0.0ms | ActiveRecord: 0.0ms)


Started GET "/war/stockwatcher/stocks_as_json_data?format=json;stocks=CSCO" for 127.0.0.1 at 2011-03-03 17:02:02 -0500
  Processing by StockEngineController#stocks_as_json as JSON
  Parameters: {"stocks"=>"CSCO"}
Rendered text template (0.0ms)
Completed 200 OK in 1ms (Views: 0.0ms | ActiveRecord: 0.0ms)


Started GET "/war/stockwatcher/stocks_as_json_data?format=json;stocks=CSCO" for 127.0.0.1 at 2011-03-03 17:02:07 -0500
  Processing by StockEngineController#stocks_as_json as JSON
  Parameters: {"stocks"=>"CSCO"}
Rendered text template (0.0ms)
Completed 200 OK in 1ms (Views: 1.0ms | ActiveRecord: 0.0ms)


Started GET "/war/stockwatcher/stocks_as_json_data?format=json;stocks=CSCO" for 127.0.0.1 at 2011-03-03 17:02:12 -0500
  Processing by StockEngineController#stocks_as_json as JSON
  Parameters: {"stocks"=>"CSCO"}
Rendered text template (0.0ms)
Completed 200 OK in 2ms (Views: 1.0ms | ActiveRecord: 0.0ms)


Started GET "/war/stockwatcher/stocks_as_json_data?format=json;stocks=CSCO" for 127.0.0.1 at 2011-03-03 17:02:17 -0500
  Processing by StockEngineController#stocks_as_json as JSON
  Parameters: {"stocks"=>"CSCO"}
Rendered text template (0.0ms)
Completed 200 OK in 1ms (Views: 0.0ms | ActiveRecord: 0.0ms)


Started GET "/war/stockwatcher/stocks_as_json_data?format=json;stocks=CSCO" for 127.0.0.1 at 2011-03-03 17:02:22 -0500
  Processing by StockEngineController#stocks_as_json as JSON
  Parameters: {"stocks"=>"CSCO"}
Rendered text template (0.0ms)
Completed 200 OK in 1ms (Views: 1.0ms | ActiveRecord: 0.0ms)


Started GET "/war/stockwatcher/stocks_as_json_data?format=json;stocks=CSCO" for 127.0.0.1 at 2011-03-03 17:02:27 -0500
  Processing by StockEngineController#stocks_as_json as JSON
  Parameters: {"stocks"=>"CSCO"}
Rendered text template (0.0ms)
Completed 200 OK in 1ms (Views: 0.0ms | ActiveRecord: 0.0ms)


Started GET "/war/stockwatcher/stocks_as_json_data?format=json;stocks=CSCO" for 127.0.0.1 at 2011-03-03 17:02:32 -0500
  Processing by StockEngineController#stocks_as_json as JSON
  Parameters: {"stocks"=>"CSCO"}
Rendered text template (0.0ms)
Completed 200 OK in 1ms (Views: 1.0ms | ActiveRecord: 0.0ms)


Started GET "/war/stockwatcher/stocks_as_json_data?format=json;stocks=CSCO" for 127.0.0.1 at 2011-03-03 17:02:37 -0500
  Processing by StockEngineController#stocks_as_json as JSON
  Parameters: {"stocks"=>"CSCO"}
Rendered text template (0.0ms)
Completed 200 OK in 2ms (Views: 1.0ms | ActiveRecord: 0.0ms)


Started GET "/war/stockwatcher/stocks_as_json_data?format=json;stocks=CSCO" for 127.0.0.1 at 2011-03-03 17:02:42 -0500
  Processing by StockEngineController#stocks_as_json as JSON
  Parameters: {"stocks"=>"CSCO"}
Rendered text template (0.0ms)
Completed 200 OK in 1ms (Views: 0.0ms | ActiveRecord: 0.0ms)


Started GET "/war/stockwatcher/stocks_as_json_data?format=json;stocks=CSCO" for 127.0.0.1 at 2011-03-03 17:02:47 -0500
  Processing by StockEngineController#stocks_as_json as JSON
  Parameters: {"stocks"=>"CSCO"}
Rendered text template (0.0ms)
Completed 200 OK in 2ms (Views: 0.0ms | ActiveRecord: 0.0ms)


Started GET "/war/stockwatcher/stocks_as_json_data?format=json;stocks=CSCO" for 127.0.0.1 at 2011-03-03 17:02:52 -0500
  Processing by StockEngineController#stocks_as_json as JSON
  Parameters: {"stocks"=>"CSCO"}
Rendered text template (0.0ms)
Completed 200 OK in 1ms (Views: 0.0ms | ActiveRecord: 0.0ms)


Started GET "/war/stockwatcher/stocks_as_json_data?format=json;stocks=CSCO" for 127.0.0.1 at 2011-03-03 17:02:57 -0500
  Processing by StockEngineController#stocks_as_json as JSON
  Parameters: {"stocks"=>"CSCO"}
Rendered text template (0.0ms)
Completed 200 OK in 1ms (Views: 0.0ms | ActiveRecord: 0.0ms)


Started GET "/war/stockwatcher/stocks_as_json_data?format=json;stocks=CSCO" for 127.0.0.1 at 2011-03-03 17:03:02 -0500
  Processing by StockEngineController#stocks_as_json as JSON
  Parameters: {"stocks"=>"CSCO"}
Rendered text template (0.0ms)
Completed 200 OK in 2ms (Views: 1.0ms | ActiveRecord: 0.0ms)


Started GET "/war/stockwatcher/stocks_as_json_data?format=json;stocks=CSCO" for 127.0.0.1 at 2011-03-03 17:03:07 -0500
  Processing by StockEngineController#stocks_as_json as JSON
  Parameters: {"stocks"=>"CSCO"}
Rendered text template (0.0ms)
Completed 200 OK in 1ms (Views: 0.0ms | ActiveRecord: 0.0ms)


Started GET "/war/stockwatcher/stocks_as_json_data?format=json;stocks=CSCO" for 127.0.0.1 at 2011-03-03 17:03:12 -0500
  Processing by StockEngineController#stocks_as_json as JSON
  Parameters: {"stocks"=>"CSCO"}
Rendered text template (0.0ms)
Completed 200 OK in 1ms (Views: 1.0ms | ActiveRecord: 0.0ms)


Started GET "/war/stockwatcher/stocks_as_json_data?format=json;stocks=CSCO" for 127.0.0.1 at 2011-03-03 17:03:17 -0500
  Processing by StockEngineController#stocks_as_json as JSON
  Parameters: {"stocks"=>"CSCO"}
Rendered text template (0.0ms)
Completed 200 OK in 1ms (Views: 1.0ms | ActiveRecord: 0.0ms)


Started GET "/war/stockwatcher/stocks_as_json_data?format=json;stocks=CSCO" for 127.0.0.1 at 2011-03-03 17:03:22 -0500
  Processing by StockEngineController#stocks_as_json as JSON
  Parameters: {"stocks"=>"CSCO"}
Rendered text template (0.0ms)
Completed 200 OK in 2ms (Views: 1.0ms | ActiveRecord: 0.0ms)


Started GET "/war/stockwatcher/stocks_as_json_data?format=json;stocks=CSCO" for 127.0.0.1 at 2011-03-03 17:03:27 -0500
  Processing by StockEngineController#stocks_as_json as JSON
  Parameters: {"stocks"=>"CSCO"}
Rendered text template (0.0ms)
Completed 200 OK in 1ms (Views: 0.0ms | ActiveRecord: 0.0ms)


Started GET "/war/stockwatcher/stocks_as_json_data?format=json;stocks=CSCO" for 127.0.0.1 at 2011-03-03 17:03:32 -0500
  Processing by StockEngineController#stocks_as_json as JSON
  Parameters: {"stocks"=>"CSCO"}
Rendered text template (0.0ms)
Completed 200 OK in 2ms (Views: 1.0ms | ActiveRecord: 0.0ms)


Started GET "/war/stockwatcher/stocks_as_json_data?format=json;stocks=CSCO" for 127.0.0.1 at 2011-03-03 17:03:37 -0500
  Processing by StockEngineController#stocks_as_json as JSON
  Parameters: {"stocks"=>"CSCO"}
Rendered text template (0.0ms)
Completed 200 OK in 1ms (Views: 1.0ms | ActiveRecord: 0.0ms)


Started GET "/war/stockwatcher/stocks_as_json_data?format=json;stocks=CSCO" for 127.0.0.1 at 2011-03-03 17:03:42 -0500
  Processing by StockEngineController#stocks_as_json as JSON
  Parameters: {"stocks"=>"CSCO"}
Rendered text template (0.0ms)
Completed 200 OK in 1ms (Views: 1.0ms | ActiveRecord: 0.0ms)


Started GET "/war/stockwatcher/stocks_as_json_data?format=json;stocks=CSCO" for 127.0.0.1 at 2011-03-03 17:03:47 -0500
  Processing by StockEngineController#stocks_as_json as JSON
  Parameters: {"stocks"=>"CSCO"}
Rendered text template (0.0ms)
Completed 200 OK in 1ms (Views: 1.0ms | ActiveRecord: 0.0ms)


Started GET "/war/stockwatcher/stocks_as_json_data?format=json;stocks=CSCO" for 127.0.0.1 at 2011-03-03 17:03:52 -0500
  Processing by StockEngineController#stocks_as_json as JSON
  Parameters: {"stocks"=>"CSCO"}
Rendered text template (0.0ms)
Completed 200 OK in 2ms (Views: 1.0ms | ActiveRecord: 0.0ms)
